La génération a démarré 21/01/2016 12:22:05.
     1>Projet "C:\Users\moyaro14\Documents\GitHub\partageable\Composant2\Composant2.vcxproj" sur le nœud 3 (build cible(s)).
     1>InitializeBuildStatus:
         Création de "Debug\Composant2.unsuccessfulbuild", car "AlwaysCreate" a été spécifié.
       ClCompile:
         c:\Program Files (x86)\Microsoft Visual Studio 10.0\VC\bin\CL.exe /c /IC:\Users\moyaro14\Documents\GitHub\partageable\Interfaces /ZI /nologo /W3 /WX- /Od /Oy- /D COMPOSANT2_EXPORTS /D WIN32 /D _WINDOWS /D _DEBUG /D _USRDLL /D _WINDLL /D _UNICODE /D UNICODE /D _AFXDLL /Gm /EHsc /RTC1 /MDd /GS /fp:precise /Zc:wchar_t /Zc:forScope /Fo"Debug\\" /Fd"Debug\vc100.pdb" /Gd /TP /analyze- /errorReport:prompt Composant2.cpp
         Composant2.cpp
       ManifestResourceCompile:
         C:\Program Files (x86)\Microsoft SDKs\Windows\v7.0A\bin\rc.exe /nologo /fo"Debug\Composant2.dll.embed.manifest.res" Debug\Composant2_manifest.rc 
       Link:
         c:\Program Files (x86)\Microsoft Visual Studio 10.0\VC\bin\link.exe /ERRORREPORT:PROMPT /OUT:"C:\Users\moyaro14\Documents\GitHub\partageable\Debug\Composant2.dll" /INCREMENTAL /NOLOGO /DEF:".\Composant2.def" /MANIFEST /ManifestFile:"Debug\Composant2.dll.intermediate.manifest" /MANIFESTUAC:"level='asInvoker' uiAccess='false'" /DEBUG /PDB:"C:\Users\moyaro14\Documents\GitHub\partageable\Debug\Composant2.pdb" /SUBSYSTEM:WINDOWS /TLBID:1 /DYNAMICBASE /NXCOMPAT /IMPLIB:"C:\Users\moyaro14\Documents\GitHub\partageable\Debug\Composant2.lib" /MACHINE:X86 /DLL Debug\Composant2.dll.embed.manifest.res
         Debug\Composant2.obj
            Création de la bibliothèque C:\Users\moyaro14\Documents\GitHub\partageable\Debug\Composant2.lib et de l'objet C:\Users\moyaro14\Documents\GitHub\partageable\Debug\Composant2.exp
       Manifest:
         C:\Program Files (x86)\Microsoft SDKs\Windows\v7.0A\bin\mt.exe /nologo /verbose /out:"Debug\Composant2.dll.embed.manifest" /manifest Debug\Composant2.dll.intermediate.manifest "c:\Program Files (x86)\Microsoft Visual Studio 10.0\VC\Include\Manifest\dpiaware.manifest"
         C:\Program Files (x86)\Microsoft SDKs\Windows\v7.0A\bin\rc.exe /nologo /fo"Debug\Composant2.dll.embed.manifest.res" Debug\Composant2_manifest.rc 
       LinkEmbedManifest:
         c:\Program Files (x86)\Microsoft Visual Studio 10.0\VC\bin\link.exe /ERRORREPORT:PROMPT /OUT:"C:\Users\moyaro14\Documents\GitHub\partageable\Debug\Composant2.dll" /INCREMENTAL /NOLOGO /DEF:".\Composant2.def" /MANIFEST /ManifestFile:"Debug\Composant2.dll.intermediate.manifest" /MANIFESTUAC:"level='asInvoker' uiAccess='false'" /DEBUG /PDB:"C:\Users\moyaro14\Documents\GitHub\partageable\Debug\Composant2.pdb" /SUBSYSTEM:WINDOWS /TLBID:1 /DYNAMICBASE /NXCOMPAT /IMPLIB:"C:\Users\moyaro14\Documents\GitHub\partageable\Debug\Composant2.lib" /MACHINE:X86 /DLL Debug\Composant2.dll.embed.manifest.res
         Debug\Composant2.obj
            Création de la bibliothèque C:\Users\moyaro14\Documents\GitHub\partageable\Debug\Composant2.lib et de l'objet C:\Users\moyaro14\Documents\GitHub\partageable\Debug\Composant2.exp
         Composant2.vcxproj -> C:\Users\moyaro14\Documents\GitHub\partageable\Debug\Composant2.dll
       FinalizeBuildStatus:
         Suppression du fichier "Debug\Composant2.unsuccessfulbuild".
         Mise à jour de l'horodatage "Debug\Composant2.lastbuildstate".
     1>Génération du projet "C:\Users\moyaro14\Documents\GitHub\partageable\Composant2\Composant2.vcxproj" terminée (build cible(s)).

La génération a réussi.

Temps écoulé 00:00:09.05
