La génération a démarré 21/01/2016 12:22:05.
     1>Projet "C:\Users\moyaro14\Documents\GitHub\partageable\Composant1\Composant1.vcxproj" sur le nœud 2 (build cible(s)).
     1>PrepareForBuild:
         Création du répertoire "C:\Users\moyaro14\Documents\GitHub\partageable\Debug\".
       InitializeBuildStatus:
         Création de "Debug\Composant1.unsuccessfulbuild", car "AlwaysCreate" a été spécifié.
       ClCompile:
         c:\Program Files (x86)\Microsoft Visual Studio 10.0\VC\bin\CL.exe /c /IC:\Users\moyaro14\Documents\GitHub\partageable\Interfaces /ZI /nologo /W3 /WX- /Od /Oy- /D COMPOSANT1_EXPORTS /D WIN32 /D _WINDOWS /D _DEBUG /D _USRDLL /D _WINDLL /D _UNICODE /D UNICODE /D _AFXDLL /Gm /EHsc /RTC1 /MDd /GS /fp:precise /Zc:wchar_t /Zc:forScope /Fo"Debug\\" /Fd"Debug\vc100.pdb" /Gd /TP /analyze- /errorReport:prompt Composant1.cpp
         Composant1.cpp
       ResourceCompile:
         C:\Program Files (x86)\Microsoft SDKs\Windows\v7.0A\bin\rc.exe /D _DEBUG /D _UNICODE /D UNICODE /D _AFXDLL /l"0x0409" /IDebug\ /IDebug\ /nologo /fo"Debug\Resource.res" Resource.rc 
       ManifestResourceCompile:
         C:\Program Files (x86)\Microsoft SDKs\Windows\v7.0A\bin\rc.exe /nologo /fo"Debug\Composant1.dll.embed.manifest.res" Debug\Composant1_manifest.rc 
       Link:
         c:\Program Files (x86)\Microsoft Visual Studio 10.0\VC\bin\link.exe /ERRORREPORT:PROMPT /OUT:"C:\Users\moyaro14\Documents\GitHub\partageable\Debug\Composant1.dll" /INCREMENTAL /NOLOGO /DEF:".\Composant1.def" /MANIFEST /ManifestFile:"Debug\Composant1.dll.intermediate.manifest" /MANIFESTUAC:"level='asInvoker' uiAccess='false'" /DEBUG /PDB:"C:\Users\moyaro14\Documents\GitHub\partageable\Debug\Composant1.pdb" /SUBSYSTEM:WINDOWS /TLBID:1 /DYNAMICBASE /NXCOMPAT /IMPLIB:"C:\Users\moyaro14\Documents\GitHub\partageable\Debug\Composant1.lib" /MACHINE:X86 /DLL Debug\Resource.res
         Debug\Composant1.dll.embed.manifest.res
         Debug\Composant1.obj
            Création de la bibliothèque C:\Users\moyaro14\Documents\GitHub\partageable\Debug\Composant1.lib et de l'objet C:\Users\moyaro14\Documents\GitHub\partageable\Debug\Composant1.exp
       Manifest:
         C:\Program Files (x86)\Microsoft SDKs\Windows\v7.0A\bin\mt.exe /nologo /verbose /out:"Debug\Composant1.dll.embed.manifest" /manifest Debug\Composant1.dll.intermediate.manifest "c:\Program Files (x86)\Microsoft Visual Studio 10.0\VC\Include\Manifest\dpiaware.manifest"
         C:\Program Files (x86)\Microsoft SDKs\Windows\v7.0A\bin\rc.exe /nologo /fo"Debug\Composant1.dll.embed.manifest.res" Debug\Composant1_manifest.rc 
       LinkEmbedManifest:
         c:\Program Files (x86)\Microsoft Visual Studio 10.0\VC\bin\link.exe /ERRORREPORT:PROMPT /OUT:"C:\Users\moyaro14\Documents\GitHub\partageable\Debug\Composant1.dll" /INCREMENTAL /NOLOGO /DEF:".\Composant1.def" /MANIFEST /ManifestFile:"Debug\Composant1.dll.intermediate.manifest" /MANIFESTUAC:"level='asInvoker' uiAccess='false'" /DEBUG /PDB:"C:\Users\moyaro14\Documents\GitHub\partageable\Debug\Composant1.pdb" /SUBSYSTEM:WINDOWS /TLBID:1 /DYNAMICBASE /NXCOMPAT /IMPLIB:"C:\Users\moyaro14\Documents\GitHub\partageable\Debug\Composant1.lib" /MACHINE:X86 /DLL Debug\Resource.res
         Debug\Composant1.dll.embed.manifest.res
         Debug\Composant1.obj
            Création de la bibliothèque C:\Users\moyaro14\Documents\GitHub\partageable\Debug\Composant1.lib et de l'objet C:\Users\moyaro14\Documents\GitHub\partageable\Debug\Composant1.exp
         Composant1.vcxproj -> C:\Users\moyaro14\Documents\GitHub\partageable\Debug\Composant1.dll
       FinalizeBuildStatus:
         Suppression du fichier "Debug\Composant1.unsuccessfulbuild".
         Mise à jour de l'horodatage "Debug\Composant1.lastbuildstate".
     1>Génération du projet "C:\Users\moyaro14\Documents\GitHub\partageable\Composant1\Composant1.vcxproj" terminée (build cible(s)).

La génération a réussi.

Temps écoulé 00:00:10.99
